1672771923814	geckodriver	INFO	Listening on 127.0.0.1:65498
1672772262611	geckodriver	INFO	Listening on 127.0.0.1:49237
1672772263127	mozrunner::runner	INFO	Running command: "/Applications/Firefox.app/Contents/MacOS/firefox-bin" "--marionette" "--remote-debugging-port" "49238" "--remote-allow-hosts" "localhost" "-foreground" "-no-remote" "-profile" "/var/folders/zm/vr544y5531dd10zrbqhm2hvr0000gn/T/rust_mozprofileSMqKNl"
1672772265973	Marionette	INFO	Marionette enabled
1672772266127	Marionette	INFO	Listening on port 49247
Read port: 49247
WebDriver BiDi listening on ws://127.0.0.1:49238
1672772266799	RemoteAgent	WARN	TLS certificate errors will be ignored for this session
console.warn: SearchSettings: "get: No settings file exists, new profile?" (new NotFoundError("Could not open the file at /var/folders/zm/vr544y5531dd10zrbqhm2hvr0000gn/T/rust_mozprofileSMqKNl/search.json.mozlz4", (void 0)))
DevTools listening on ws://127.0.0.1:49238/devtools/browser/d154310b-e6e3-4d4c-9306-00a63c44e03f
1672772272495	Marionette	INFO	Stopped listening on port 49247
console.warn: services.settings: main/query-stripping sync interrupted by shutdown
console.warn: services.settings: main/quicksuggest sync interrupted by shutdown
WARNING: A blocker encountered an error while we were waiting.
          Blocker:  Waiting for ping task
          Phase: TelemetryController: Waiting for pending ping activity
          State: (none)
WARNING: Error: Phase "profile-before-change" is finished, it is too late to register completion condition "OS.File: flush I/O queued before profileBeforeChange"
WARNING: addBlocker@resource://gre/modules/AsyncShutdown.jsm:703:15
addBlocker@resource://gre/modules/AsyncShutdown.jsm:511:26
addBlocker@resource://gre/modules/AsyncShutdown.jsm:450:15
setupShutdown@resource://gre/modules/osfile/osfile_async_front.jsm:1563:28
@resource://gre/modules/osfile/osfile_async_front.jsm:1583:16
@resource://gre/modules/osfile.jsm:12:30
@resource://gre/modules/TelemetryStorage.jsm:19:28
promiseArchivePing@resource://gre/modules/TelemetryArchive.jsm:103:5
promiseArchivePing@resource://gre/modules/TelemetryArchive.jsm:63:33
_submitPingLogic@resource://gre/modules/TelemetryControllerParent.jsm:540:48
send@resource://gre/modules/TelemetryControllerParent.jsm:628:24
submitExternalPing@resource://gre/modules/TelemetryControllerParent.jsm:182:17
sendPing@resource://gre/modules/EventPing.jsm:51:30
_submitPing@resource://gre/modules/EventPing.jsm:229:12
shutdown@resource://gre/modules/EventPing.jsm:112:10
_cleanupOnShutdown@resource://gre/modules/TelemetryControllerParent.jsm:940:31
shutdown/<@resource://gre/modules/TelemetryControllerParent.jsm:1010:24
observe@resource://gre/modules/AsyncShutdown.jsm:560:16

WARNING: A blocker encountered an error while we were waiting.
          Blocker:  Waiting for ping task
          Phase: TelemetryController: Waiting for pending ping activity
          State: (none)
WARNING: Error: Phase "profile-before-change" is finished, it is too late to register completion condition "OS.File: flush I/O queued before profileBeforeChange"
WARNING: addBlocker@resource://gre/modules/AsyncShutdown.jsm:703:15
addBlocker@resource://gre/modules/AsyncShutdown.jsm:511:26
addBlocker@resource://gre/modules/AsyncShutdown.jsm:450:15
setupShutdown@resource://gre/modules/osfile/osfile_async_front.jsm:1563:28
@resource://gre/modules/osfile/osfile_async_front.jsm:1583:16
@resource://gre/modules/osfile.jsm:12:30
@resource://gre/modules/TelemetryStorage.jsm:19:28
promiseArchivePing@resource://gre/modules/TelemetryArchive.jsm:103:5
promiseArchivePing@resource://gre/modules/TelemetryArchive.jsm:63:33
_submitPingLogic@resource://gre/modules/TelemetryControllerParent.jsm:540:48
send@resource://gre/modules/TelemetryControllerParent.jsm:628:24
submitExternalPing@resource://gre/modules/TelemetryControllerParent.jsm:182:17
saveShutdownPings@resource://gre/modules/TelemetrySession.jsm:982:34
shutdownChromeProcess/cleanup/<@resource://gre/modules/TelemetrySession.jsm:1232:20
cleanup@resource://gre/modules/TelemetrySession.jsm:1239:9
shutdownChromeProcess@resource://gre/modules/TelemetrySession.jsm:1256:14
shutdown@resource://gre/modules/TelemetrySession.jsm:247:17
_cleanupOnShutdown@resource://gre/modules/TelemetryControllerParent.jsm:959:35
observe@resource://gre/modules/AsyncShutdown.jsm:560:16

WARNING: A blocker encountered an error while we were waiting.
          Blocker:  Waiting for ping task
          Phase: TelemetryController: Waiting for pending ping activity
          State: (none)
WARNING: Error: Phase "profile-before-change" is finished, it is too late to register completion condition "OS.File: flush I/O queued before profileBeforeChange"
WARNING: addBlocker@resource://gre/modules/AsyncShutdown.jsm:703:15
addBlocker@resource://gre/modules/AsyncShutdown.jsm:511:26
addBlocker@resource://gre/modules/AsyncShutdown.jsm:450:15
setupShutdown@resource://gre/modules/osfile/osfile_async_front.jsm:1563:28
@resource://gre/modules/osfile/osfile_async_front.jsm:1583:16
@resource://gre/modules/osfile.jsm:12:30
@resource://gre/modules/TelemetryStorage.jsm:19:28
promiseArchivePing@resource://gre/modules/TelemetryArchive.jsm:103:5
promiseArchivePing@resource://gre/modules/TelemetryArchive.jsm:63:33
_submitPingLogic@resource://gre/modules/TelemetryControllerParent.jsm:540:48
send@resource://gre/modules/TelemetryControllerParent.jsm:628:24
submitExternalPing@resource://gre/modules/TelemetryControllerParent.jsm:182:17
saveShutdownPings@resource://gre/modules/TelemetrySession.jsm:1014:36
shutdownChromeProcess/cleanup/<@resource://gre/modules/TelemetrySession.jsm:1232:20
cleanup@resource://gre/modules/TelemetrySession.jsm:1239:9
shutdownChromeProcess@resource://gre/modules/TelemetrySession.jsm:1256:14
shutdown@resource://gre/modules/TelemetrySession.jsm:247:17
_cleanupOnShutdown@resource://gre/modules/TelemetryControllerParent.jsm:959:35
observe@resource://gre/modules/AsyncShutdown.jsm:560:16

WARNING: A blocker encountered an error while we were waiting.
          Blocker:  TelemetryController: shutting down
          Phase: profile-before-change-telemetry
          State: Error getting state: Error: Phase "profile-before-change" is finished, it is too late to register completion condition "OS.File: flush I/O queued before profileBeforeChange" at addBlocker@resource://gre/modules/AsyncShutdown.jsm:703:15
addBlocker@resource://gre/modules/AsyncShutdown.jsm:511:26
addBlocker@resource://gre/modules/AsyncShutdown.jsm:450:15
setupShutdown@resource://gre/modules/osfile/osfile_async_front.jsm:1563:28
@resource://gre/modules/osfile/osfile_async_front.jsm:1583:16
@resource://gre/modules/osfile.jsm:12:30
@resource://gre/modules/TelemetryStorage.jsm:19:28
getShutdownState@resource://gre/modules/TelemetrySend.jsm:1687:7
getShutdownState@resource://gre/modules/TelemetrySend.jsm:369:30
_getState@resource://gre/modules/TelemetryControllerParent.jsm:1058:38
setupTelemetry/<@resource://gre/modules/TelemetryControllerParent.jsm:917:18
safeGetState@resource://gre/modules/AsyncShutdown.jsm:242:17
Barrier/addBlocker/promise<@resource://gre/modules/AsyncShutdown.jsm:751:20
observe@resource://gre/modules/AsyncShutdown.jsm:560:16

WARNING: Error: Phase "profile-before-change" is finished, it is too late to register completion condition "OS.File: flush I/O queued before profileBeforeChange"
WARNING: addBlocker@resource://gre/modules/AsyncShutdown.jsm:703:15
addBlocker@resource://gre/modules/AsyncShutdown.jsm:511:26
addBlocker@resource://gre/modules/AsyncShutdown.jsm:450:15
setupShutdown@resource://gre/modules/osfile/osfile_async_front.jsm:1563:28
@resource://gre/modules/osfile/osfile_async_front.jsm:1583:16
@resource://gre/modules/osfile.jsm:12:30
@resource://gre/modules/TelemetryStorage.jsm:19:28
removeAbortedSessionPing@resource://gre/modules/TelemetryControllerParent.jsm:721:5
removeAbortedSessionPing@resource://gre/modules/TelemetryControllerParent.jsm:249:17
shutdownChromeProcess/cleanup/<@resource://gre/modules/TelemetrySession.jsm:1235:42
observe@resource://gre/modules/AsyncShutdown.jsm:560:16

JavaScript error: resource://gre/modules/AsyncShutdown.jsm, line 703: Error: Phase "profile-before-change" is finished, it is too late to register completion condition "OS.File: flush I/O queued before profileBeforeChange"
JavaScript error: resource://gre/modules/AsyncShutdown.jsm, line 703: Error: Phase "profile-before-change" is finished, it is too late to register completion condition "OS.File: flush I/O queued before profileBeforeChange"
JavaScript error: resource://gre/modules/AsyncShutdown.jsm, line 703: Error: Phase "profile-before-change" is finished, it is too late to register completion condition "OS.File: flush I/O queued before profileBeforeChange"
JavaScript error: resource://gre/modules/AsyncShutdown.jsm, line 703: Error: Phase "profile-before-change" is finished, it is too late to register completion condition "OS.File: flush I/O queued before profileBeforeChange"
JavaScript error: resource://gre/modules/AsyncShutdown.jsm, line 703: Error: Phase "profile-before-change" is finished, it is too late to register completion condition "OS.File: flush I/O queued before profileBeforeChange"
JavaScript error: resource://gre/modules/AsyncShutdown.jsm, line 703: Error: Phase "profile-before-change" is finished, it is too late to register completion condition "OS.File: flush I/O queued before profileBeforeChange"
1672772598254	geckodriver	INFO	Listening on 127.0.0.1:49308
1672772598785	mozrunner::runner	INFO	Running command: "/Applications/Firefox.app/Contents/MacOS/firefox-bin" "--marionette" "--remote-debugging-port" "49309" "--remote-allow-hosts" "localhost" "-foreground" "-no-remote" "-profile" "/var/folders/zm/vr544y5531dd10zrbqhm2hvr0000gn/T/rust_mozprofileip0XxW"
1672772601480	Marionette	INFO	Marionette enabled
1672772601705	Marionette	INFO	Listening on port 49317
Read port: 49317
WebDriver BiDi listening on ws://127.0.0.1:49309
1672772602746	RemoteAgent	WARN	TLS certificate errors will be ignored for this session
console.warn: SearchSettings: "get: No settings file exists, new profile?" (new NotFoundError("Could not open the file at /var/folders/zm/vr544y5531dd10zrbqhm2hvr0000gn/T/rust_mozprofileip0XxW/search.json.mozlz4", (void 0)))
DevTools listening on ws://127.0.0.1:49309/devtools/browser/f9462135-4091-47d0-8988-05927be37a38
1672772609275	geckodriver	INFO	Listening on 127.0.0.1:49331
1672772609797	mozrunner::runner	INFO	Running command: "/Applications/Firefox.app/Contents/MacOS/firefox-bin" "--marionette" "--headless" "--remote-debugging-port" "49332" "--remote-allow-hosts" "localhost" "-foreground" "-no-remote" "-profile" "/var/folders/zm/vr544y5531dd10zrbqhm2hvr0000gn/T/rust_mozprofileCbsqMr"
*** You are running in headless mode.
1672772612392	Marionette	INFO	Marionette enabled
1672772612727	Marionette	INFO	Listening on port 49359
Read port: 49359
Read port: 49359
WebDriver BiDi listening on ws://127.0.0.1:49332
1672772614257	RemoteAgent	WARN	TLS certificate errors will be ignored for this session
[GFX1-]: RenderCompositorSWGL failed mapping default framebuffer, no dt
console.warn: SearchSettings: "get: No settings file exists, new profile?" (new NotFoundError("Could not open the file at /var/folders/zm/vr544y5531dd10zrbqhm2hvr0000gn/T/rust_mozprofileCbsqMr/search.json.mozlz4", (void 0)))
DevTools listening on ws://127.0.0.1:49332/devtools/browser/4f6ec9fe-726a-4e9c-9051-210cea7b3882
1672772624163	Marionette	INFO	Stopped listening on port 49359
JavaScript error: resource://services-settings/Utils.jsm, line 240: TypeError: NetworkError: Network request failed
1672772677398	Marionette	INFO	Stopped listening on port 49317
console.warn: TopSitesFeed: Failed to fetch data from Contile server: NetworkError when attempting to fetch resource.
1672772792319	geckodriver	INFO	Listening on 127.0.0.1:49435
1672772792843	mozrunner::runner	INFO	Running command: "/Applications/Firefox.app/Contents/MacOS/firefox-bin" "--marionette" "--remote-debugging-port" "49436" "--remote-allow-hosts" "localhost" "-foreground" "-no-remote" "-profile" "/var/folders/zm/vr544y5531dd10zrbqhm2hvr0000gn/T/rust_mozprofile68i3JD"
1672772793902	Marionette	INFO	Marionette enabled
1672772793996	Marionette	INFO	Listening on port 49444
Read port: 49444
WebDriver BiDi listening on ws://127.0.0.1:49436
Read port: 49444
1672772795267	RemoteAgent	WARN	TLS certificate errors will be ignored for this session
console.warn: SearchSettings: "get: No settings file exists, new profile?" (new NotFoundError("Could not open the file at /var/folders/zm/vr544y5531dd10zrbqhm2hvr0000gn/T/rust_mozprofile68i3JD/search.json.mozlz4", (void 0)))
DevTools listening on ws://127.0.0.1:49436/devtools/browser/e2c8a10b-88f9-45b8-b80a-8094fd1f680d
1672772800920	geckodriver	INFO	Listening on 127.0.0.1:49459
1672772801428	mozrunner::runner	INFO	Running command: "/Applications/Firefox.app/Contents/MacOS/firefox-bin" "--marionette" "--headless" "--remote-debugging-port" "49460" "--remote-allow-hosts" "localhost" "-foreground" "-no-remote" "-profile" "/var/folders/zm/vr544y5531dd10zrbqhm2hvr0000gn/T/rust_mozprofileGjexq6"
*** You are running in headless mode.
1672772803464	Marionette	INFO	Marionette enabled
1672772803672	Marionette	INFO	Listening on port 49482
Read port: 49482
Read port: 49482
WebDriver BiDi listening on ws://127.0.0.1:49460
1672772804952	RemoteAgent	WARN	TLS certificate errors will be ignored for this session
[GFX1-]: RenderCompositorSWGL failed mapping default framebuffer, no dt
console.warn: SearchSettings: "get: No settings file exists, new profile?" (new NotFoundError("Could not open the file at /var/folders/zm/vr544y5531dd10zrbqhm2hvr0000gn/T/rust_mozprofileGjexq6/search.json.mozlz4", (void 0)))
DevTools listening on ws://127.0.0.1:49460/devtools/browser/77c0da31-013d-427f-9f0d-7075807daa73
1672772821631	Marionette	INFO	Stopped listening on port 49482
1672773057684	geckodriver	INFO	Listening on 127.0.0.1:49712
1672773058215	mozrunner::runner	INFO	Running command: "/Applications/Firefox.app/Contents/MacOS/firefox-bin" "--marionette" "--remote-debugging-port" "49713" "--remote-allow-hosts" "localhost" "-foreground" "-no-remote" "-profile" "/var/folders/zm/vr544y5531dd10zrbqhm2hvr0000gn/T/rust_mozprofilevDA8ne"
1672773060153	Marionette	INFO	Marionette enabled
1672773060302	Marionette	INFO	Listening on port 49721
Read port: 49721
WebDriver BiDi listening on ws://127.0.0.1:49713
1672773060978	RemoteAgent	WARN	TLS certificate errors will be ignored for this session
console.warn: SearchSettings: "get: No settings file exists, new profile?" (new NotFoundError("Could not open the file at /var/folders/zm/vr544y5531dd10zrbqhm2hvr0000gn/T/rust_mozprofilevDA8ne/search.json.mozlz4", (void 0)))
DevTools listening on ws://127.0.0.1:49713/devtools/browser/9719635d-62de-4ae5-aec7-26b0ce97e2c5
1672773066986	geckodriver	INFO	Listening on 127.0.0.1:49737
1672773067486	mozrunner::runner	INFO	Running command: "/Applications/Firefox.app/Contents/MacOS/firefox-bin" "--marionette" "--headless" "--remote-debugging-port" "49738" "--remote-allow-hosts" "localhost" "-foreground" "-no-remote" "-profile" "/var/folders/zm/vr544y5531dd10zrbqhm2hvr0000gn/T/rust_mozprofile4vVzYV"
*** You are running in headless mode.
1672773069835	Marionette	INFO	Marionette enabled
1672773070052	Marionette	INFO	Listening on port 49763
Read port: 49763
Read port: 49763
WebDriver BiDi listening on ws://127.0.0.1:49738
1672773071734	RemoteAgent	WARN	TLS certificate errors will be ignored for this session
[GFX1-]: RenderCompositorSWGL failed mapping default framebuffer, no dt
console.warn: SearchSettings: "get: No settings file exists, new profile?" (new NotFoundError("Could not open the file at /var/folders/zm/vr544y5531dd10zrbqhm2hvr0000gn/T/rust_mozprofile4vVzYV/search.json.mozlz4", (void 0)))
DevTools listening on ws://127.0.0.1:49738/devtools/browser/54c7e485-8d56-4607-bd27-9c862c77578a
1672773080677	Marionette	INFO	Stopped listening on port 49763
JavaScript error: resource://services-settings/Utils.jsm, line 240: TypeError: NetworkError: Network request failed
1672773095838	Marionette	INFO	Stopped listening on port 49721
console.warn: TopSitesFeed: Failed to fetch data from Contile server: NetworkError when attempting to fetch resource.
1672773101320	Marionette	INFO	Stopped listening on port 49444
1672773203625	geckodriver	INFO	Listening on 127.0.0.1:49894
1672773204129	mozrunner::runner	INFO	Running command: "/Applications/Firefox.app/Contents/MacOS/firefox-bin" "--marionette" "--remote-debugging-port" "49895" "--remote-allow-hosts" "localhost" "-foreground" "-no-remote" "-profile" "/var/folders/zm/vr544y5531dd10zrbqhm2hvr0000gn/T/rust_mozprofilekh7zxK"
1672773205932	Marionette	INFO	Marionette enabled
1672773206247	Marionette	INFO	Listening on port 49903
Read port: 49903
WebDriver BiDi listening on ws://127.0.0.1:49895
Read port: 49903
1672773207975	RemoteAgent	WARN	TLS certificate errors will be ignored for this session
console.warn: SearchSettings: "get: No settings file exists, new profile?" (new NotFoundError("Could not open the file at /var/folders/zm/vr544y5531dd10zrbqhm2hvr0000gn/T/rust_mozprofilekh7zxK/search.json.mozlz4", (void 0)))
DevTools listening on ws://127.0.0.1:49895/devtools/browser/894106fe-9d4b-417d-8888-a6d797504e69
1672773212765	geckodriver	INFO	Listening on 127.0.0.1:49920
1672773213284	mozrunner::runner	INFO	Running command: "/Applications/Firefox.app/Contents/MacOS/firefox-bin" "--marionette" "--headless" "--remote-debugging-port" "49921" "--remote-allow-hosts" "localhost" "-foreground" "-no-remote" "-profile" "/var/folders/zm/vr544y5531dd10zrbqhm2hvr0000gn/T/rust_mozprofile2NANZt"
*** You are running in headless mode.
1672773215257	Marionette	INFO	Marionette enabled
1672773215355	Marionette	INFO	Listening on port 49945
Read port: 49945
Read port: 49945
Read port: 49945
WebDriver BiDi listening on ws://127.0.0.1:49921
1672773218442	RemoteAgent	WARN	TLS certificate errors will be ignored for this session
[GFX1-]: RenderCompositorSWGL failed mapping default framebuffer, no dt
console.warn: SearchSettings: "get: No settings file exists, new profile?" (new NotFoundError("Could not open the file at /var/folders/zm/vr544y5531dd10zrbqhm2hvr0000gn/T/rust_mozprofile2NANZt/search.json.mozlz4", (void 0)))
DevTools listening on ws://127.0.0.1:49921/devtools/browser/a664734e-89fd-4a77-95c1-cd9ff690a258
1672773238118	Marionette	INFO	Stopped listening on port 49945
JavaScript error: resource://services-settings/Utils.jsm, line 240: TypeError: NetworkError: Network request failed
1672773696510	geckodriver	INFO	Listening on 127.0.0.1:50205
1672773697038	mozrunner::runner	INFO	Running command: "/Applications/Firefox.app/Contents/MacOS/firefox-bin" "--marionette" "--remote-debugging-port" "50206" "--remote-allow-hosts" "localhost" "-foreground" "-no-remote" "-profile" "/var/folders/zm/vr544y5531dd10zrbqhm2hvr0000gn/T/rust_mozprofile7MiM5G"
1672773699735	Marionette	INFO	Marionette enabled
1672773699849	Marionette	INFO	Listening on port 50214
Read port: 50214
WebDriver BiDi listening on ws://127.0.0.1:50206
Read port: 50214
1672773701489	RemoteAgent	WARN	TLS certificate errors will be ignored for this session
console.warn: SearchSettings: "get: No settings file exists, new profile?" (new NotFoundError("Could not open the file at /var/folders/zm/vr544y5531dd10zrbqhm2hvr0000gn/T/rust_mozprofile7MiM5G/search.json.mozlz4", (void 0)))
DevTools listening on ws://127.0.0.1:50206/devtools/browser/ff1f8464-b5ac-4f7c-8645-1f2bf34e9aa0
1672773708121	geckodriver	INFO	Listening on 127.0.0.1:50232
1672773708644	mozrunner::runner	INFO	Running command: "/Applications/Firefox.app/Contents/MacOS/firefox-bin" "--marionette" "--headless" "--remote-debugging-port" "50233" "--remote-allow-hosts" "localhost" "-foreground" "-no-remote" "-profile" "/var/folders/zm/vr544y5531dd10zrbqhm2hvr0000gn/T/rust_mozprofileeqyNeO"
*** You are running in headless mode.
1672773711682	Marionette	INFO	Marionette enabled
1672773712104	Marionette	INFO	Listening on port 50260
Read port: 50260
Read port: 50260
WebDriver BiDi listening on ws://127.0.0.1:50233
1672773713645	RemoteAgent	WARN	TLS certificate errors will be ignored for this session
[GFX1-]: RenderCompositorSWGL failed mapping default framebuffer, no dt
console.warn: SearchSettings: "get: No settings file exists, new profile?" (new NotFoundError("Could not open the file at /var/folders/zm/vr544y5531dd10zrbqhm2hvr0000gn/T/rust_mozprofileeqyNeO/search.json.mozlz4", (void 0)))
DevTools listening on ws://127.0.0.1:50233/devtools/browser/671de831-6818-4751-8bba-d6649ebf7588
1672773720641	Marionette	INFO	Stopped listening on port 50260
JavaScript error: resource://services-settings/Utils.jsm, line 240: TypeError: NetworkError: Network request failed
1672773757418	geckodriver	INFO	Listening on 127.0.0.1:50322
1672773757936	mozrunner::runner	INFO	Running command: "/Applications/Firefox.app/Contents/MacOS/firefox-bin" "--marionette" "--remote-debugging-port" "50323" "--remote-allow-hosts" "localhost" "-foreground" "-no-remote" "-profile" "/var/folders/zm/vr544y5531dd10zrbqhm2hvr0000gn/T/rust_mozprofileDTnTW0"
1672773759193	Marionette	INFO	Marionette enabled
1672773759421	Marionette	INFO	Listening on port 50329
Read port: 50329
WebDriver BiDi listening on ws://127.0.0.1:50323
Read port: 50329
1672773760915	RemoteAgent	WARN	TLS certificate errors will be ignored for this session
1672773762030	Marionette	INFO	Stopped listening on port 50214
console.warn: SearchSettings: "get: No settings file exists, new profile?" (new NotFoundError("Could not open the file at /var/folders/zm/vr544y5531dd10zrbqhm2hvr0000gn/T/rust_mozprofileDTnTW0/search.json.mozlz4", (void 0)))
DevTools listening on ws://127.0.0.1:50323/devtools/browser/cc648f13-5301-43b0-80cd-46541c665da8
1672773765532	geckodriver	INFO	Listening on 127.0.0.1:50346
1672773766046	mozrunner::runner	INFO	Running command: "/Applications/Firefox.app/Contents/MacOS/firefox-bin" "--marionette" "--headless" "--remote-debugging-port" "50347" "--remote-allow-hosts" "localhost" "-foreground" "-no-remote" "-profile" "/var/folders/zm/vr544y5531dd10zrbqhm2hvr0000gn/T/rust_mozprofileAoZ6lZ"
*** You are running in headless mode.
1672773768371	Marionette	INFO	Marionette enabled
1672773768539	Marionette	INFO	Listening on port 50374
Read port: 50374
Read port: 50374
1672773769731	Marionette	INFO	Stopped listening on port 50329
JavaScript error: resource://services-settings/Utils.jsm, line 240: TypeError: NetworkError: Network request failed
WebDriver BiDi listening on ws://127.0.0.1:50347
1672773770378	RemoteAgent	WARN	TLS certificate errors will be ignored for this session
[GFX1-]: RenderCompositorSWGL failed mapping default framebuffer, no dt
console.warn: SearchSettings: "get: No settings file exists, new profile?" (new NotFoundError("Could not open the file at /var/folders/zm/vr544y5531dd10zrbqhm2hvr0000gn/T/rust_mozprofileAoZ6lZ/search.json.mozlz4", (void 0)))
DevTools listening on ws://127.0.0.1:50347/devtools/browser/bbc51668-9820-4d17-b982-dcc687ba7ca2
1672773786455	Marionette	INFO	Stopped listening on port 50374
JavaScript error: resource://devtools/client/jsonview/Sniffer.sys.mjs, line 53: NS_ERROR_NOT_AVAILABLE: Component returned failure code: 0x80040111 (NS_ERROR_NOT_AVAILABLE) [nsIChannel.contentType]
JavaScript error: resource://services-settings/Utils.jsm, line 240: TypeError: NetworkError: Network request failed
1672773806450	Marionette	INFO	Stopped listening on port 49903
console.warn: TopSitesFeed: Failed to fetch data from Contile server: NetworkError when attempting to fetch resource.
1672773929280	geckodriver	INFO	Listening on 127.0.0.1:50579
1672773929808	mozrunner::runner	INFO	Running command: "/Applications/Firefox.app/Contents/MacOS/firefox-bin" "--marionette" "--remote-debugging-port" "50580" "--remote-allow-hosts" "localhost" "-foreground" "-no-remote" "-profile" "/var/folders/zm/vr544y5531dd10zrbqhm2hvr0000gn/T/rust_mozprofileyY1ypT"
1672773931110	Marionette	INFO	Marionette enabled
1672773931306	Marionette	INFO	Listening on port 50588
Read port: 50588
WebDriver BiDi listening on ws://127.0.0.1:50580
1672773932078	RemoteAgent	WARN	TLS certificate errors will be ignored for this session
console.warn: SearchSettings: "get: No settings file exists, new profile?" (new NotFoundError("Could not open the file at /var/folders/zm/vr544y5531dd10zrbqhm2hvr0000gn/T/rust_mozprofileyY1ypT/search.json.mozlz4", (void 0)))
DevTools listening on ws://127.0.0.1:50580/devtools/browser/dfcec4a4-d839-42ce-b0d6-91e7e67f7509
1672773935295	geckodriver	INFO	Listening on 127.0.0.1:50603
1672773935805	mozrunner::runner	INFO	Running command: "/Applications/Firefox.app/Contents/MacOS/firefox-bin" "--marionette" "--headless" "--remote-debugging-port" "50604" "--remote-allow-hosts" "localhost" "-foreground" "-no-remote" "-profile" "/var/folders/zm/vr544y5531dd10zrbqhm2hvr0000gn/T/rust_mozprofilenmugdJ"
*** You are running in headless mode.
1672773938122	Marionette	INFO	Marionette enabled
1672773938216	Marionette	INFO	Listening on port 50628
Read port: 50628
WebDriver BiDi listening on ws://127.0.0.1:50604
1672773939168	RemoteAgent	WARN	TLS certificate errors will be ignored for this session
[GFX1-]: RenderCompositorSWGL failed mapping default framebuffer, no dt
console.warn: SearchSettings: "get: No settings file exists, new profile?" (new NotFoundError("Could not open the file at /var/folders/zm/vr544y5531dd10zrbqhm2hvr0000gn/T/rust_mozprofilenmugdJ/search.json.mozlz4", (void 0)))
DevTools listening on ws://127.0.0.1:50604/devtools/browser/fc05bebb-fca5-4f22-9497-1920aa116ae1
1672773953054	Marionette	INFO	Stopped listening on port 50628
JavaScript error: resource://services-settings/Utils.jsm, line 240: TypeError: NetworkError: Network request failed
1672773975131	Marionette	INFO	Stopped listening on port 50588
console.warn: TopSitesFeed: Failed to fetch data from Contile server: NetworkError when attempting to fetch resource.
1672774149394	geckodriver	INFO	Listening on 127.0.0.1:50868
1672774149923	mozrunner::runner	INFO	Running command: "/Applications/Firefox.app/Contents/MacOS/firefox-bin" "--marionette" "--remote-debugging-port" "50869" "--remote-allow-hosts" "localhost" "-foreground" "-no-remote" "-profile" "/var/folders/zm/vr544y5531dd10zrbqhm2hvr0000gn/T/rust_mozprofileoIrf45"
1672774152550	Marionette	INFO	Marionette enabled
1672774152737	Marionette	INFO	Listening on port 50877
Read port: 50877
WebDriver BiDi listening on ws://127.0.0.1:50869
1672774153327	RemoteAgent	WARN	TLS certificate errors will be ignored for this session
console.warn: SearchSettings: "get: No settings file exists, new profile?" (new NotFoundError("Could not open the file at /var/folders/zm/vr544y5531dd10zrbqhm2hvr0000gn/T/rust_mozprofileoIrf45/search.json.mozlz4", (void 0)))
DevTools listening on ws://127.0.0.1:50869/devtools/browser/77b2e98a-b922-4253-95c8-28d014aa0519
1672774158080	geckodriver	INFO	Listening on 127.0.0.1:50890
1672774158588	mozrunner::runner	INFO	Running command: "/Applications/Firefox.app/Contents/MacOS/firefox-bin" "--marionette" "--headless" "--remote-debugging-port" "50891" "--remote-allow-hosts" "localhost" "-foreground" "-no-remote" "-profile" "/var/folders/zm/vr544y5531dd10zrbqhm2hvr0000gn/T/rust_mozprofilelYB6Ke"
*** You are running in headless mode.
1672774160626	Marionette	INFO	Marionette enabled
1672774160746	Marionette	INFO	Listening on port 50919
Read port: 50919
WebDriver BiDi listening on ws://127.0.0.1:50891
1672774161613	RemoteAgent	WARN	TLS certificate errors will be ignored for this session
[GFX1-]: RenderCompositorSWGL failed mapping default framebuffer, no dt
console.warn: SearchSettings: "get: No settings file exists, new profile?" (new NotFoundError("Could not open the file at /var/folders/zm/vr544y5531dd10zrbqhm2hvr0000gn/T/rust_mozprofilelYB6Ke/search.json.mozlz4", (void 0)))
DevTools listening on ws://127.0.0.1:50891/devtools/browser/05e4ab6f-cc83-40ac-879c-e643c4ecb678
1672774176449	Marionette	INFO	Stopped listening on port 50919
JavaScript error: resource://services-settings/Utils.jsm, line 240: TypeError: NetworkError: Network request failed
1672774336018	geckodriver	INFO	Listening on 127.0.0.1:51143
1672774336702	mozrunner::runner	INFO	Running command: "/Applications/Firefox.app/Contents/MacOS/firefox-bin" "--marionette" "--remote-debugging-port" "51144" "--remote-allow-hosts" "localhost" "-foreground" "-no-remote" "-profile" "/var/folders/zm/vr544y5531dd10zrbqhm2hvr0000gn/T/rust_mozprofileU8Nh66"
1672774337840	Marionette	INFO	Marionette enabled
1672774337943	Marionette	INFO	Listening on port 51152
Read port: 51152
Read port: 51152
WebDriver BiDi listening on ws://127.0.0.1:51144
1672774339377	RemoteAgent	WARN	TLS certificate errors will be ignored for this session
console.warn: SearchSettings: "get: No settings file exists, new profile?" (new NotFoundError("Could not open the file at /var/folders/zm/vr544y5531dd10zrbqhm2hvr0000gn/T/rust_mozprofileU8Nh66/search.json.mozlz4", (void 0)))
DevTools listening on ws://127.0.0.1:51144/devtools/browser/09a7e5eb-7cc9-44f7-b9fd-71ba863e467a
1672774345177	geckodriver	INFO	Listening on 127.0.0.1:51166
1672774345725	mozrunner::runner	INFO	Running command: "/Applications/Firefox.app/Contents/MacOS/firefox-bin" "--marionette" "--headless" "--remote-debugging-port" "51167" "--remote-allow-hosts" "localhost" "-foreground" "-no-remote" "-profile" "/var/folders/zm/vr544y5531dd10zrbqhm2hvr0000gn/T/rust_mozprofilekEI2IC"
*** You are running in headless mode.
1672774347014	Marionette	INFO	Stopped listening on port 50877
console.warn: TopSitesFeed: Failed to fetch data from Contile server: NetworkError when attempting to fetch resource.
1672774349519	Marionette	INFO	Marionette enabled
1672774349739	Marionette	INFO	Listening on port 51195
Read port: 51195
Read port: 51195
Read port: 51195
WebDriver BiDi listening on ws://127.0.0.1:51167
1672774352861	RemoteAgent	WARN	TLS certificate errors will be ignored for this session
[GFX1-]: RenderCompositorSWGL failed mapping default framebuffer, no dt
console.warn: SearchSettings: "get: No settings file exists, new profile?" (new NotFoundError("Could not open the file at /var/folders/zm/vr544y5531dd10zrbqhm2hvr0000gn/T/rust_mozprofilekEI2IC/search.json.mozlz4", (void 0)))
DevTools listening on ws://127.0.0.1:51167/devtools/browser/1a827c59-f524-46e6-984b-f02c7d96c3ac
1672774369247	Marionette	INFO	Stopped listening on port 51195
JavaScript error: resource://services-settings/Utils.jsm, line 240: TypeError: NetworkError: Network request failed
1672774391104	Marionette	INFO	Stopped listening on port 51152
console.warn: TopSitesFeed: Failed to fetch data from Contile server: NetworkError when attempting to fetch resource.
1672774426139	geckodriver	INFO	Listening on 127.0.0.1:51408
1672774426727	mozrunner::runner	INFO	Running command: "/Applications/Firefox.app/Contents/MacOS/firefox-bin" "--marionette" "--remote-debugging-port" "51409" "--remote-allow-hosts" "localhost" "-foreground" "-no-remote" "-profile" "/var/folders/zm/vr544y5531dd10zrbqhm2hvr0000gn/T/rust_mozprofilespnHXr"
1672774428819	Marionette	INFO	Marionette enabled
1672774428922	Marionette	INFO	Listening on port 51417
Read port: 51417
WebDriver BiDi listening on ws://127.0.0.1:51409
1672774429557	RemoteAgent	WARN	TLS certificate errors will be ignored for this session
console.warn: SearchSettings: "get: No settings file exists, new profile?" (new NotFoundError("Could not open the file at /var/folders/zm/vr544y5531dd10zrbqhm2hvr0000gn/T/rust_mozprofilespnHXr/search.json.mozlz4", (void 0)))
DevTools listening on ws://127.0.0.1:51409/devtools/browser/3f6b3dba-af47-4f19-a4e1-3642680981d7
1672774434159	geckodriver	INFO	Listening on 127.0.0.1:51431
1672774434680	mozrunner::runner	INFO	Running command: "/Applications/Firefox.app/Contents/MacOS/firefox-bin" "--marionette" "--headless" "--remote-debugging-port" "51432" "--remote-allow-hosts" "localhost" "-foreground" "-no-remote" "-profile" "/var/folders/zm/vr544y5531dd10zrbqhm2hvr0000gn/T/rust_mozprofile44uVND"
*** You are running in headless mode.
1672774438445	Marionette	INFO	Marionette enabled
1672774438494	Marionette	INFO	Listening on port 51461
Read port: 51461
Read port: 51461
WebDriver BiDi listening on ws://127.0.0.1:51432
Read port: 51461
1672774441649	RemoteAgent	WARN	TLS certificate errors will be ignored for this session
[GFX1-]: RenderCompositorSWGL failed mapping default framebuffer, no dt
console.warn: SearchSettings: "get: No settings file exists, new profile?" (new NotFoundError("Could not open the file at /var/folders/zm/vr544y5531dd10zrbqhm2hvr0000gn/T/rust_mozprofile44uVND/search.json.mozlz4", (void 0)))
DevTools listening on ws://127.0.0.1:51432/devtools/browser/13d86ca8-552e-43a1-badb-95ce2e582431
1672774453349	Marionette	INFO	Stopped listening on port 51461
JavaScript error: resource://services-settings/Utils.jsm, line 240: TypeError: NetworkError: Network request failed
1672774464938	Marionette	INFO	Stopped listening on port 51417
console.warn: TopSitesFeed: Failed to fetch data from Contile server: NetworkError when attempting to fetch resource.
1672774491172	geckodriver	INFO	Listening on 127.0.0.1:51682
1672774491693	mozrunner::runner	INFO	Running command: "/Applications/Firefox.app/Contents/MacOS/firefox-bin" "--marionette" "--remote-debugging-port" "51683" "--remote-allow-hosts" "localhost" "-foreground" "-no-remote" "-profile" "/var/folders/zm/vr544y5531dd10zrbqhm2hvr0000gn/T/rust_mozprofileCLZQ0A"
1672774493122	Marionette	INFO	Marionette enabled
1672774493183	Marionette	INFO	Listening on port 51691
Read port: 51691
Read port: 51691
WebDriver BiDi listening on ws://127.0.0.1:51683
1672774494770	RemoteAgent	WARN	TLS certificate errors will be ignored for this session
console.warn: SearchSettings: "get: No settings file exists, new profile?" (new NotFoundError("Could not open the file at /var/folders/zm/vr544y5531dd10zrbqhm2hvr0000gn/T/rust_mozprofileCLZQ0A/search.json.mozlz4", (void 0)))
DevTools listening on ws://127.0.0.1:51683/devtools/browser/28299622-9740-4095-b620-13cd627fc6e3
1672774497890	geckodriver	INFO	Listening on 127.0.0.1:51704
1672774498410	mozrunner::runner	INFO	Running command: "/Applications/Firefox.app/Contents/MacOS/firefox-bin" "--marionette" "--headless" "--remote-debugging-port" "51705" "--remote-allow-hosts" "localhost" "-foreground" "-no-remote" "-profile" "/var/folders/zm/vr544y5531dd10zrbqhm2hvr0000gn/T/rust_mozprofileEnU1lf"
*** You are running in headless mode.
1672774500043	Marionette	INFO	Marionette enabled
1672774500358	Marionette	INFO	Listening on port 51728
Read port: 51728
Read port: 51728
WebDriver BiDi listening on ws://127.0.0.1:51705
1672774502391	RemoteAgent	WARN	TLS certificate errors will be ignored for this session
[GFX1-]: RenderCompositorSWGL failed mapping default framebuffer, no dt
console.warn: SearchSettings: "get: No settings file exists, new profile?" (new NotFoundError("Could not open the file at /var/folders/zm/vr544y5531dd10zrbqhm2hvr0000gn/T/rust_mozprofileEnU1lf/search.json.mozlz4", (void 0)))
DevTools listening on ws://127.0.0.1:51705/devtools/browser/8118b39e-5e4f-4f08-95fe-b53908a796d9
1672774511497	Marionette	INFO	Stopped listening on port 51728
JavaScript error: resource://services-settings/Utils.jsm, line 240: TypeError: NetworkError: Network request failed
1672774639928	Marionette	INFO	Stopped listening on port 51691
console.warn: TopSitesFeed: Failed to fetch data from Contile server: NetworkError when attempting to fetch resource.
1672774921811	geckodriver	INFO	Listening on 127.0.0.1:51849
1672774922330	mozrunner::runner	INFO	Running command: "/Applications/Firefox.app/Contents/MacOS/firefox-bin" "--marionette" "--remote-debugging-port" "51850" "--remote-allow-hosts" "localhost" "-foreground" "-no-remote" "-profile" "/var/folders/zm/vr544y5531dd10zrbqhm2hvr0000gn/T/rust_mozprofileqc8ed7"
1672774924631	Marionette	INFO	Marionette enabled
1672774924749	Marionette	INFO	Listening on port 51858
Read port: 51858
WebDriver BiDi listening on ws://127.0.0.1:51850
1672774925355	RemoteAgent	WARN	TLS certificate errors will be ignored for this session
console.warn: SearchSettings: "get: No settings file exists, new profile?" (new NotFoundError("Could not open the file at /var/folders/zm/vr544y5531dd10zrbqhm2hvr0000gn/T/rust_mozprofileqc8ed7/search.json.mozlz4", (void 0)))
DevTools listening on ws://127.0.0.1:51850/devtools/browser/ce1e0c6a-548e-497a-ac64-a6c1ae8d2b39
1672774929578	geckodriver	INFO	Listening on 127.0.0.1:51871
1672774930094	mozrunner::runner	INFO	Running command: "/Applications/Firefox.app/Contents/MacOS/firefox-bin" "--marionette" "--headless" "--remote-debugging-port" "51872" "--remote-allow-hosts" "localhost" "-foreground" "-no-remote" "-profile" "/var/folders/zm/vr544y5531dd10zrbqhm2hvr0000gn/T/rust_mozprofileu8VAbx"
*** You are running in headless mode.
1672774931741	Marionette	INFO	Marionette enabled
1672774931885	Marionette	INFO	Listening on port 51898
Read port: 51898
WebDriver BiDi listening on ws://127.0.0.1:51872
1672774932717	RemoteAgent	WARN	TLS certificate errors will be ignored for this session
[GFX1-]: RenderCompositorSWGL failed mapping default framebuffer, no dt
console.warn: SearchSettings: "get: No settings file exists, new profile?" (new NotFoundError("Could not open the file at /var/folders/zm/vr544y5531dd10zrbqhm2hvr0000gn/T/rust_mozprofileu8VAbx/search.json.mozlz4", (void 0)))
DevTools listening on ws://127.0.0.1:51872/devtools/browser/4e4c4092-67ef-47f4-9deb-b092543a717e
1672774941154	Marionette	INFO	Stopped listening on port 51898
JavaScript error: resource://services-settings/Utils.jsm, line 240: TypeError: NetworkError: Network request failed
1672775084542	Marionette	INFO	Stopped listening on port 51858
console.warn: TopSitesFeed: Failed to fetch data from Contile server: NetworkError when attempting to fetch resource.
1672775146766	geckodriver	INFO	Listening on 127.0.0.1:51986
1672775147290	mozrunner::runner	INFO	Running command: "/Applications/Firefox.app/Contents/MacOS/firefox-bin" "--marionette" "--remote-debugging-port" "51987" "--remote-allow-hosts" "localhost" "-foreground" "-no-remote" "-profile" "/var/folders/zm/vr544y5531dd10zrbqhm2hvr0000gn/T/rust_mozprofile6qZmfa"
1672775149355	Marionette	INFO	Marionette enabled
1672775149475	Marionette	INFO	Listening on port 51995
Read port: 51995
WebDriver BiDi listening on ws://127.0.0.1:51987
1672775150105	RemoteAgent	WARN	TLS certificate errors will be ignored for this session
console.warn: SearchSettings: "get: No settings file exists, new profile?" (new NotFoundError("Could not open the file at /var/folders/zm/vr544y5531dd10zrbqhm2hvr0000gn/T/rust_mozprofile6qZmfa/search.json.mozlz4", (void 0)))
DevTools listening on ws://127.0.0.1:51987/devtools/browser/bcb64775-146b-4001-b84a-e3e7dc3980bf
1672775155004	geckodriver	INFO	Listening on 127.0.0.1:52009
1672775155518	mozrunner::runner	INFO	Running command: "/Applications/Firefox.app/Contents/MacOS/firefox-bin" "--marionette" "--headless" "--remote-debugging-port" "52010" "--remote-allow-hosts" "localhost" "-foreground" "-no-remote" "-profile" "/var/folders/zm/vr544y5531dd10zrbqhm2hvr0000gn/T/rust_mozprofilemF6p8k"
*** You are running in headless mode.
1672775157300	Marionette	INFO	Marionette enabled
1672775157504	Marionette	INFO	Listening on port 52033
Read port: 52033
WebDriver BiDi listening on ws://127.0.0.1:52010
Read port: 52033
1672775159004	RemoteAgent	WARN	TLS certificate errors will be ignored for this session
[GFX1-]: RenderCompositorSWGL failed mapping default framebuffer, no dt
console.warn: SearchSettings: "get: No settings file exists, new profile?" (new NotFoundError("Could not open the file at /var/folders/zm/vr544y5531dd10zrbqhm2hvr0000gn/T/rust_mozprofilemF6p8k/search.json.mozlz4", (void 0)))
DevTools listening on ws://127.0.0.1:52010/devtools/browser/e0e67e9c-b5d4-4703-a29f-4f4a52242af7
1672775174373	Marionette	INFO	Stopped listening on port 52033
1672775198718	Marionette	INFO	Stopped listening on port 51995
console.warn: TopSitesFeed: Failed to fetch data from Contile server: NetworkError when attempting to fetch resource.
!!! error running onStopped callback: TypeError: callback is not a function
1672776334099	geckodriver	INFO	Listening on 127.0.0.1:52423
1672776334620	mozrunner::runner	INFO	Running command: "/Applications/Firefox.app/Contents/MacOS/firefox-bin" "--marionette" "--remote-debugging-port" "52424" "--remote-allow-hosts" "localhost" "-foreground" "-no-remote" "-profile" "/var/folders/zm/vr544y5531dd10zrbqhm2hvr0000gn/T/rust_mozprofile6kq2P5"
1672776336990	Marionette	INFO	Marionette enabled
1672776337111	Marionette	INFO	Listening on port 52432
Read port: 52432
WebDriver BiDi listening on ws://127.0.0.1:52424
1672776337744	RemoteAgent	WARN	TLS certificate errors will be ignored for this session
console.warn: SearchSettings: "get: No settings file exists, new profile?" (new NotFoundError("Could not open the file at /var/folders/zm/vr544y5531dd10zrbqhm2hvr0000gn/T/rust_mozprofile6kq2P5/search.json.mozlz4", (void 0)))
DevTools listening on ws://127.0.0.1:52424/devtools/browser/eb8b125c-dc24-46f5-9371-81ca2f49976e
1672776342292	geckodriver	INFO	Listening on 127.0.0.1:52445
1672776342799	mozrunner::runner	INFO	Running command: "/Applications/Firefox.app/Contents/MacOS/firefox-bin" "--marionette" "--headless" "--remote-debugging-port" "52446" "--remote-allow-hosts" "localhost" "-foreground" "-no-remote" "-profile" "/var/folders/zm/vr544y5531dd10zrbqhm2hvr0000gn/T/rust_mozprofileJofnVW"
*** You are running in headless mode.
1672776345624	Marionette	INFO	Marionette enabled
1672776345703	Marionette	INFO	Listening on port 52470
Read port: 52470
WebDriver BiDi listening on ws://127.0.0.1:52446
1672776346738	RemoteAgent	WARN	TLS certificate errors will be ignored for this session
[GFX1-]: RenderCompositorSWGL failed mapping default framebuffer, no dt
console.warn: SearchSettings: "get: No settings file exists, new profile?" (new NotFoundError("Could not open the file at /var/folders/zm/vr544y5531dd10zrbqhm2hvr0000gn/T/rust_mozprofileJofnVW/search.json.mozlz4", (void 0)))
DevTools listening on ws://127.0.0.1:52446/devtools/browser/f5fdde15-4c75-4249-af14-a3d6607041d5
1672776361495	Marionette	INFO	Stopped listening on port 52470
JavaScript error: , line 0: TypeError: NetworkError when attempting to fetch resource.
1672776405191	geckodriver	INFO	Listening on 127.0.0.1:52730
1672776405704	mozrunner::runner	INFO	Running command: "/Applications/Firefox.app/Contents/MacOS/firefox-bin" "--marionette" "--remote-debugging-port" "52731" "--remote-allow-hosts" "localhost" "-foreground" "-no-remote" "-profile" "/var/folders/zm/vr544y5531dd10zrbqhm2hvr0000gn/T/rust_mozprofileS8KCAN"
1672776407849	Marionette	INFO	Marionette enabled
1672776407957	Marionette	INFO	Listening on port 52739
Read port: 52739
1672776408622	Marionette	INFO	Stopped listening on port 52432
WebDriver BiDi listening on ws://127.0.0.1:52731
Read port: 52739
1672776409715	RemoteAgent	WARN	TLS certificate errors will be ignored for this session
console.warn: SearchSettings: "get: No settings file exists, new profile?" (new NotFoundError("Could not open the file at /var/folders/zm/vr544y5531dd10zrbqhm2hvr0000gn/T/rust_mozprofileS8KCAN/search.json.mozlz4", (void 0)))
DevTools listening on ws://127.0.0.1:52731/devtools/browser/c95dc167-f374-49a4-b1c2-00d169b5442c
1672776413880	geckodriver	INFO	Listening on 127.0.0.1:52751
1672776414387	mozrunner::runner	INFO	Running command: "/Applications/Firefox.app/Contents/MacOS/firefox-bin" "--marionette" "--headless" "--remote-debugging-port" "52752" "--remote-allow-hosts" "localhost" "-foreground" "-no-remote" "-profile" "/var/folders/zm/vr544y5531dd10zrbqhm2hvr0000gn/T/rust_mozprofileR51FT0"
*** You are running in headless mode.
1672776416062	Marionette	INFO	Marionette enabled
1672776416234	Marionette	INFO	Listening on port 52776
Read port: 52776
WebDriver BiDi listening on ws://127.0.0.1:52752
1672776417109	RemoteAgent	WARN	TLS certificate errors will be ignored for this session
[GFX1-]: RenderCompositorSWGL failed mapping default framebuffer, no dt
console.warn: SearchSettings: "get: No settings file exists, new profile?" (new NotFoundError("Could not open the file at /var/folders/zm/vr544y5531dd10zrbqhm2hvr0000gn/T/rust_mozprofileR51FT0/search.json.mozlz4", (void 0)))
DevTools listening on ws://127.0.0.1:52752/devtools/browser/86030dd5-3d17-4ba4-89d9-850dc5af6a53
1672776431399	Marionette	INFO	Stopped listening on port 52776
1672776500872	geckodriver	INFO	Listening on 127.0.0.1:53005
1672776501373	mozrunner::runner	INFO	Running command: "/Applications/Firefox.app/Contents/MacOS/firefox-bin" "--marionette" "--remote-debugging-port" "53006" "--remote-allow-hosts" "localhost" "-foreground" "-no-remote" "-profile" "/var/folders/zm/vr544y5531dd10zrbqhm2hvr0000gn/T/rust_mozprofileiCEn7j"
1672776502727	Marionette	INFO	Marionette enabled
1672776503306	Marionette	INFO	Listening on port 53014
Read port: 53014
WebDriver BiDi listening on ws://127.0.0.1:53006
1672776503615	RemoteAgent	WARN	TLS certificate errors will be ignored for this session
console.warn: SearchSettings: "get: No settings file exists, new profile?" (new NotFoundError("Could not open the file at /var/folders/zm/vr544y5531dd10zrbqhm2hvr0000gn/T/rust_mozprofileiCEn7j/search.json.mozlz4", (void 0)))
1672776506438	Marionette	INFO	Stopped listening on port 52739
DevTools listening on ws://127.0.0.1:53006/devtools/browser/c3d92556-216b-4981-a4ee-a0f383e70bba
1672776507577	geckodriver	INFO	Listening on 127.0.0.1:53028
1672776508277	mozrunner::runner	INFO	Running command: "/Applications/Firefox.app/Contents/MacOS/firefox-bin" "--marionette" "--headless" "--remote-debugging-port" "53029" "--remote-allow-hosts" "localhost" "-foreground" "-no-remote" "-profile" "/var/folders/zm/vr544y5531dd10zrbqhm2hvr0000gn/T/rust_mozprofiles2zhZR"
*** You are running in headless mode.
1672776510905	Marionette	INFO	Marionette enabled
1672776511176	Marionette	INFO	Listening on port 53058
Read port: 53058
Read port: 53058
WebDriver BiDi listening on ws://127.0.0.1:53029
1672776512628	RemoteAgent	WARN	TLS certificate errors will be ignored for this session
[GFX1-]: RenderCompositorSWGL failed mapping default framebuffer, no dt
console.warn: SearchSettings: "get: No settings file exists, new profile?" (new NotFoundError("Could not open the file at /var/folders/zm/vr544y5531dd10zrbqhm2hvr0000gn/T/rust_mozprofiles2zhZR/search.json.mozlz4", (void 0)))
DevTools listening on ws://127.0.0.1:53029/devtools/browser/4649cb80-bb38-4eba-bd5f-853d16f4293c
1672776519351	Marionette	INFO	Stopped listening on port 53058
JavaScript error: resource://services-settings/Utils.jsm, line 240: TypeError: NetworkError: Network request failed
1672776540987	Marionette	INFO	Stopped listening on port 53014
console.warn: TopSitesFeed: Failed to fetch data from Contile server: NetworkError when attempting to fetch resource.
1672777237275	geckodriver	INFO	Listening on 127.0.0.1:53219
1672777237796	mozrunner::runner	INFO	Running command: "/Applications/Firefox.app/Contents/MacOS/firefox-bin" "--marionette" "--remote-debugging-port" "53220" "--remote-allow-hosts" "localhost" "-foreground" "-no-remote" "-profile" "/var/folders/zm/vr544y5531dd10zrbqhm2hvr0000gn/T/rust_mozprofileUfJC7C"
1672777240901	Marionette	INFO	Marionette enabled
1672777241575	Marionette	INFO	Listening on port 53229
Read port: 53229
WebDriver BiDi listening on ws://127.0.0.1:53220
1672777241953	RemoteAgent	WARN	TLS certificate errors will be ignored for this session
console.warn: SearchSettings: "get: No settings file exists, new profile?" (new NotFoundError("Could not open the file at /var/folders/zm/vr544y5531dd10zrbqhm2hvr0000gn/T/rust_mozprofileUfJC7C/search.json.mozlz4", (void 0)))
